<?xml version="1.0" encoding="UTF-8"?>
<testsuite name="com.bridglabz.UserValidationTest" tests="1" skipped="0" failures="0" errors="0" timestamp="2020-08-11T09:24:54" hostname="DESKTOP-GL7D8LT" time="0.004">
  <properties/>
  <testcase name="givenPassword_WhenProper_ShouldReturnTrue" classname="com.bridglabz.UserValidationTest" time="0.004"/>
  <system-out><![CDATA[]]></system-out>
  <system-err><![CDATA[]]></system-err>
</testsuite>
